Turbo Assembler	 Version 4.1	    02/05/26 22:20:20	    Page 1
bad.asm



      1	0000			     .model tiny
      2	0000			     .code
      3
      4				     org 100h
      5
      6	0100			     Start:
      7	0100  B4 09			     mov ah, 09h
      8	0102  8B 16 0000		     mov dx, offsett Hell
**Error** bad.asm(8) Undefined symbol: OFFSETT
      9	0106  CD 21			     int 21h
     10
     11	0108  4D 45 4F 57 24	     Hell:   db	'MEOW$'
     12
     13	010D  B8 4C00			     mov ax, 4C00h
     14	0110  CD 21			     int 21h
     15
     16				     end     Start:
**Error** bad.asm(16) Need expression
Turbo Assembler	 Version 4.1	    02/05/26 22:20:20	    Page 2
Symbol Table




Symbol Name			  Type	 Value

??DATE				  Text	 "02/05/26"
??FILENAME			  Text	 "bad	  "
??TIME				  Text	 "22:20:20"
??VERSION			  Number 040A
@32BIT				  Text	 0
@CODE				  Text	 DGROUP
@CODESIZE			  Text	 0
@CPU				  Text	 0101H
@CURSEG				  Text	 _TEXT
@DATA				  Text	 DGROUP
@DATASIZE			  Text	 0
@FILENAME			  Text	 BAD
@INTERFACE			  Text	 000H
@MODEL				  Text	 1
@STACK				  Text	 DGROUP
@WORDSIZE			  Text	 2
HELL				  Near	 DGROUP:0108
START				  Near	 DGROUP:0100

Groups & Segments		  Bit Size Align  Combine Class

DGROUP				  Group
  _DATA				  16  0000 Word	  Public  DATA
  _TEXT				  16  0112 Word	  Public  CODE
Turbo Assembler	 Version 4.1	    02/05/26 22:20:20	    Page 3
Error Summary



**Error** bad.asm(8) Undefined symbol: OFFSETT
**Error** bad.asm(16) Need expression
